# JRE version: OpenJDK Runtime Environment (8.0_152-b01) (build 1.8.0_152-release-1343-b01)
# Java VM: OpenJDK 64-Bit Server VM (25.152-b01 mixed mode windows-amd64 compressed oops)
Heap:
 PSYoungGen      total 631296K, used 174525K [0x000000076ab00000, 0x00000007a2000000, 0x00000007c0000000)
  eden space 507392K, 9% used [0x000000076ab00000,0x000000076dc70628,0x0000000789a80000)
  from space 123904K, 99% used [0x0000000789a80000,0x000000079137f158,0x0000000791380000)
  to   space 160256K, 0% used [0x0000000798380000,0x0000000798380000,0x00000007a2000000)
 ParOldGen       total 509952K, used 354854K [0x00000006c0000000, 0x00000006df200000, 0x000000076ab00000)
  object space 509952K, 69% used [0x00000006c0000000,0x00000006d5a89b08,0x00000006df200000)
 Metaspace       used 6404K, capacity 7216K, committed 7296K, reserved 1056768K
  class space    used 590K, capacity 616K, committed 640K, reserved 1048576K
GC Heap History (10 events):
Event: 10.929 GC heap before
{Heap before GC invocations=12 (full 2):
 PSYoungGen      total 493056K, used 456561K [0x000000076ab00000, 0x0000000790580000, 0x00000007c0000000)
  eden space 426496K, 100% used [0x000000076ab00000,0x0000000784b80000,0x0000000784b80000)
  from space 66560K, 45% used [0x0000000788c00000,0x000000078a95c790,0x000000078cd00000)
  to   space 57856K, 0% used [0x000000078cd00000,0x000000078cd00000,0x0000000790580000)
 ParOldGen       total 311296K, used 174401K [0x00000006c0000000, 0x00000006d3000000, 0x000000076ab00000)
  object space 311296K, 56% used [0x00000006c0000000,0x00000006caa50468,0x00000006d3000000)
 Metaspace       used 6388K, capacity 7216K, committed 7296K, reserved 1056768K
  class space    used 589K, capacity 616K, committed 640K, reserved 1048576K
Event: 11.010 GC heap after
Heap after GC invocations=12 (full 2):
 PSYoungGen      total 507392K, used 57825K [0x000000076ab00000, 0x0000000796a00000, 0x00000007c0000000)
  eden space 449536K, 0% used [0x000000076ab00000,0x000000076ab00000,0x0000000786200000)
  from space 57856K, 99% used [0x000000078cd00000,0x00000007905786f0,0x0000000790580000)
  to   space 109568K, 0% used [0x0000000786200000,0x0000000786200000,0x000000078cd00000)
 ParOldGen       total 311296K, used 208403K [0x00000006c0000000, 0x00000006d3000000, 0x000000076ab00000)
  object space 311296K, 66% used [0x00000006c0000000,0x00000006ccb84c40,0x00000006d3000000)
 Metaspace       used 6388K, capacity 7216K, committed 7296K, reserved 1056768K
  class space    used 589K, capacity 616K, committed 640K, reserved 1048576K
}
Event: 11.826 GC heap before
{Heap before GC invocations=13 (full 2):
 PSYoungGen      total 507392K, used 507361K [0x000000076ab00000, 0x0000000796a00000, 0x00000007c0000000)
  eden space 449536K, 100% used [0x000000076ab00000,0x0000000786200000,0x0000000786200000)
  from space 57856K, 99% used [0x000000078cd00000,0x00000007905786f0,0x0000000790580000)
  to   space 109568K, 0% used [0x0000000786200000,0x0000000786200000,0x000000078cd00000)
 ParOldGen       total 311296K, used 208403K [0x00000006c0000000, 0x00000006d3000000, 0x000000076ab00000)
  object space 311296K, 66% used [0x00000006c0000000,0x00000006ccb84c40,0x00000006d3000000)
 Metaspace       used 6389K, capacity 7216K, committed 7296K, reserved 1056768K
  class space    used 589K, capacity 616K, committed 640K, reserved 1048576K
Event: 11.911 GC heap after
Heap after GC invocations=13 (full 2):
 PSYoungGen      total 559104K, used 71236K [0x000000076ab00000, 0x0000000799880000, 0x00000007c0000000)
  eden space 449536K, 0% used [0x000000076ab00000,0x000000076ab00000,0x0000000786200000)
  from space 109568K, 65% used [0x0000000786200000,0x000000078a791210,0x000000078cd00000)
  to   space 113664K, 0% used [0x0000000792980000,0x0000000792980000,0x0000000799880000)
 ParOldGen       total 311296K, used 266300K [0x00000006c0000000, 0x00000006d3000000, 0x000000076ab00000)
  object space 311296K, 85% used [0x00000006c0000000,0x00000006d040f1e8,0x00000006d3000000)
 Metaspace       used 6389K, capacity 7216K, committed 7296K, reserved 1056768K
  class space    used 589K, capacity 616K, committed 640K, reserved 1048576K
}
Event: 11.911 GC heap before
{Heap before GC invocations=14 (full 3):
 PSYoungGen      total 559104K, used 71236K [0x000000076ab00000, 0x0000000799880000, 0x00000007c0000000)
  eden space 449536K, 0% used [0x000000076ab00000,0x000000076ab00000,0x0000000786200000)
  from space 109568K, 65% used [0x0000000786200000,0x000000078a791210,0x000000078cd00000)
  to   space 113664K, 0% used [0x0000000792980000,0x0000000792980000,0x0000000799880000)
 ParOldGen       total 311296K, used 266300K [0x00000006c0000000, 0x00000006d3000000, 0x000000076ab00000)
  object space 311296K, 85% used [0x00000006c0000000,0x00000006d040f1e8,0x00000006d3000000)
 Metaspace       used 6389K, capacity 7216K, committed 7296K, reserved 1056768K
  class space    used 589K, capacity 616K, committed 640K, reserved 1048576K
Event: 13.202 GC heap after
Heap after GC invocations=14 (full 3):
 PSYoungGen      total 559104K, used 19736K [0x000000076ab00000, 0x0000000799880000, 0x00000007c0000000)
  eden space 449536K, 0% used [0x000000076ab00000,0x000000076ab00000,0x0000000786200000)
  from space 109568K, 18% used [0x0000000786200000,0x0000000787546138,0x000000078cd00000)
  to   space 113664K, 0% used [0x0000000792980000,0x0000000792980000,0x0000000799880000)
 ParOldGen       total 509952K, used 310857K [0x00000006c0000000, 0x00000006df200000, 0x000000076ab00000)
  object space 509952K, 60% used [0x00000006c0000000,0x00000006d2f925b8,0x00000006df200000)
 Metaspace       used 6389K, capacity 7216K, committed 7296K, reserved 1056768K
  class space    used 589K, capacity 616K, committed 640K, reserved 1048576K
}
Event: 14.228 GC heap before
{Heap before GC invocations=15 (full 3):
 PSYoungGen      total 559104K, used 469272K [0x000000076ab00000, 0x0000000799880000, 0x00000007c0000000)
  eden space 449536K, 100% used [0x000000076ab00000,0x0000000786200000,0x0000000786200000)
  from space 109568K, 18% used [0x0000000786200000,0x0000000787546138,0x000000078cd00000)
  to   space 113664K, 0% used [0x0000000792980000,0x0000000792980000,0x0000000799880000)
 ParOldGen       total 509952K, used 310857K [0x00000006c0000000, 0x00000006df200000, 0x000000076ab00000)
  object space 509952K, 60% used [0x00000006c0000000,0x00000006d2f925b8,0x00000006df200000)
 Metaspace       used 6392K, capacity 7216K, committed 7296K, reserved 1056768K
  class space    used 589K, capacity 616K, committed 640K, reserved 1048576K
Event: 14.349 GC heap after
Heap after GC invocations=15 (full 3):
 PSYoungGen      total 608768K, used 91942K [0x000000076ab00000, 0x0000000798c80000, 0x00000007c0000000)
  eden space 507392K, 0% used [0x000000076ab00000,0x000000076ab00000,0x0000000789a80000)
  from space 101376K, 90% used [0x0000000792980000,0x0000000798349b20,0x0000000798c80000)
  to   space 123904K, 0% used [0x0000000789a80000,0x0000000789a80000,0x0000000791380000)
 ParOldGen       total 509952K, used 310857K [0x00000006c0000000, 0x00000006df200000, 0x000000076ab00000)
  object space 509952K, 60% used [0x00000006c0000000,0x00000006d2f925b8,0x00000006df200000)
 Metaspace       used 6392K, capacity 7216K, committed 7296K, reserved 1056768K
  class space    used 589K, capacity 616K, committed 640K, reserved 1048576K
}
Event: 15.317 GC heap before
{Heap before GC invocations=16 (full 3):
 PSYoungGen      total 608768K, used 599334K [0x000000076ab00000, 0x0000000798c80000, 0x00000007c0000000)
  eden space 507392K, 100% used [0x000000076ab00000,0x0000000789a80000,0x0000000789a80000)
  from space 101376K, 90% used [0x0000000792980000,0x0000000798349b20,0x0000000798c80000)
  to   space 123904K, 0% used [0x0000000789a80000,0x0000000789a80000,0x0000000791380000)
 ParOldGen       total 509952K, used 310857K [0x00000006c0000000, 0x00000006df200000, 0x000000076ab00000)
  object space 509952K, 60% used [0x00000006c0000000,0x00000006d2f925b8,0x00000006df200000)
 Metaspace       used 6404K, capacity 7216K, committed 7296K, reserved 1056768K
  class space    used 590K, capacity 616K, committed 640K, reserved 1048576K
Event: 15.448 GC heap after
Heap after GC invocations=16 (full 3):
 PSYoungGen      total 631296K, used 123900K [0x000000076ab00000, 0x00000007a2000000, 0x00000007c0000000)
  eden space 507392K, 0% used [0x000000076ab00000,0x000000076ab00000,0x0000000789a80000)
  from space 123904K, 99% used [0x0000000789a80000,0x000000079137f158,0x0000000791380000)
  to   space 160256K, 0% used [0x0000000798380000,0x0000000798380000,0x00000007a2000000)
 ParOldGen       total 509952K, used 354854K [0x00000006c0000000, 0x00000006df200000, 0x000000076ab00000)
  object space 509952K, 69% used [0x00000006c0000000,0x00000006d5a89b08,0x00000006df200000)
 Metaspace       used 6404K, capacity 7216K, committed 7296K, reserved 1056768K
  class space    used 590K, capacity 616K, committed 640K, reserved 1048576K
}

