# JRE version: OpenJDK Runtime Environment (8.0_152-b01) (build 1.8.0_152-release-1343-b01)
# Java VM: OpenJDK 64-Bit Server VM (25.152-b01 mixed mode windows-amd64 compressed oops)
Heap:
 PSYoungGen      total 629248K, used 299498K [0x000000076ab00000, 0x00000007a1680000, 0x00000007c0000000)
  eden space 503808K, 59% used [0x000000076ab00000,0x000000077cf7a828,0x0000000789700000)
  from space 125440K, 0% used [0x0000000789700000,0x0000000789700000,0x0000000791180000)
  to   space 161792K, 0% used [0x0000000797880000,0x0000000797880000,0x00000007a1680000)
 ParOldGen       total 534528K, used 534153K [0x00000006c0000000, 0x00000006e0a00000, 0x000000076ab00000)
  object space 534528K, 99% used [0x00000006c0000000,0x00000006e09a2770,0x00000006e0a00000)
 Metaspace       used 6509K, capacity 7280K, committed 7552K, reserved 1056768K
  class space    used 596K, capacity 616K, committed 640K, reserved 1048576K
GC Heap History (10 events):
Event: 18.272 GC heap before
{Heap before GC invocations=20 (full 5):
 PSYoungGen      total 629248K, used 621107K [0x000000076ab00000, 0x00000007a1680000, 0x00000007c0000000)
  eden space 503808K, 100% used [0x000000076ab00000,0x0000000789700000,0x0000000789700000)
  from space 125440K, 93% used [0x0000000789700000,0x000000079098ce68,0x0000000791180000)
  to   space 161792K, 0% used [0x0000000797880000,0x0000000797880000,0x00000007a1680000)
 ParOldGen       total 534528K, used 534443K [0x00000006c0000000, 0x00000006e0a00000, 0x000000076ab00000)
  object space 534528K, 99% used [0x00000006c0000000,0x00000006e09eaf20,0x00000006e0a00000)
 Metaspace       used 6398K, capacity 7216K, committed 7296K, reserved 1056768K
  class space    used 590K, capacity 616K, committed 640K, reserved 1048576K
Event: 21.055 GC heap after
Heap after GC invocations=20 (full 5):
 PSYoungGen      total 629248K, used 153344K [0x000000076ab00000, 0x00000007a1680000, 0x00000007c0000000)
  eden space 503808K, 30% used [0x000000076ab00000,0x00000007740c0360,0x0000000789700000)
  from space 125440K, 0% used [0x0000000789700000,0x0000000789700000,0x0000000791180000)
  to   space 161792K, 0% used [0x0000000797880000,0x0000000797880000,0x00000007a1680000)
 ParOldGen       total 534528K, used 534436K [0x00000006c0000000, 0x00000006e0a00000, 0x000000076ab00000)
  object space 534528K, 99% used [0x00000006c0000000,0x00000006e09e90a8,0x00000006e0a00000)
 Metaspace       used 6398K, capacity 7216K, committed 7296K, reserved 1056768K
  class space    used 590K, capacity 616K, committed 640K, reserved 1048576K
}
Event: 22.015 GC heap before
{Heap before GC invocations=21 (full 6):
 PSYoungGen      total 629248K, used 503808K [0x000000076ab00000, 0x00000007a1680000, 0x00000007c0000000)
  eden space 503808K, 100% used [0x000000076ab00000,0x0000000789700000,0x0000000789700000)
  from space 125440K, 0% used [0x0000000789700000,0x0000000789700000,0x0000000791180000)
  to   space 161792K, 0% used [0x0000000797880000,0x0000000797880000,0x00000007a1680000)
 ParOldGen       total 534528K, used 534436K [0x00000006c0000000, 0x00000006e0a00000, 0x000000076ab00000)
  object space 534528K, 99% used [0x00000006c0000000,0x00000006e09e90a8,0x00000006e0a00000)
 Metaspace       used 6398K, capacity 7216K, committed 7296K, reserved 1056768K
  class space    used 590K, capacity 616K, committed 640K, reserved 1048576K
Event: 25.480 GC heap after
Heap after GC invocations=21 (full 6):
 PSYoungGen      total 629248K, used 176461K [0x000000076ab00000, 0x00000007a1680000, 0x00000007c0000000)
  eden space 503808K, 35% used [0x000000076ab00000,0x0000000775753658,0x0000000789700000)
  from space 125440K, 0% used [0x0000000789700000,0x0000000789700000,0x0000000791180000)
  to   space 161792K, 0% used [0x0000000797880000,0x0000000797880000,0x00000007a1680000)
 ParOldGen       total 534528K, used 534201K [0x00000006c0000000, 0x00000006e0a00000, 0x000000076ab00000)
  object space 534528K, 99% used [0x00000006c0000000,0x00000006e09ae7b0,0x00000006e0a00000)
 Metaspace       used 6398K, capacity 7216K, committed 7296K, reserved 1056768K
  class space    used 590K, capacity 616K, committed 640K, reserved 1048576K
}
Event: 26.289 GC heap before
{Heap before GC invocations=22 (full 7):
 PSYoungGen      total 629248K, used 503808K [0x000000076ab00000, 0x00000007a1680000, 0x00000007c0000000)
  eden space 503808K, 100% used [0x000000076ab00000,0x0000000789700000,0x0000000789700000)
  from space 125440K, 0% used [0x0000000789700000,0x0000000789700000,0x0000000791180000)
  to   space 161792K, 0% used [0x0000000797880000,0x0000000797880000,0x00000007a1680000)
 ParOldGen       total 534528K, used 534201K [0x00000006c0000000, 0x00000006e0a00000, 0x000000076ab00000)
  object space 534528K, 99% used [0x00000006c0000000,0x00000006e09ae7b0,0x00000006e0a00000)
 Metaspace       used 6398K, capacity 7216K, committed 7296K, reserved 1056768K
  class space    used 590K, capacity 616K, committed 640K, reserved 1048576K
Event: 28.163 GC heap after
Heap after GC invocations=22 (full 7):
 PSYoungGen      total 629248K, used 167676K [0x000000076ab00000, 0x00000007a1680000, 0x00000007c0000000)
  eden space 503808K, 33% used [0x000000076ab00000,0x0000000774ebf310,0x0000000789700000)
  from space 125440K, 0% used [0x0000000789700000,0x0000000789700000,0x0000000791180000)
  to   space 161792K, 0% used [0x0000000797880000,0x0000000797880000,0x00000007a1680000)
 ParOldGen       total 534528K, used 534171K [0x00000006c0000000, 0x00000006e0a00000, 0x000000076ab00000)
  object space 534528K, 99% used [0x00000006c0000000,0x00000006e09a6d40,0x00000006e0a00000)
 Metaspace       used 6398K, capacity 7216K, committed 7296K, reserved 1056768K
  class space    used 590K, capacity 616K, committed 640K, reserved 1048576K
}
Event: 28.800 GC heap before
{Heap before GC invocations=23 (full 8):
 PSYoungGen      total 629248K, used 503808K [0x000000076ab00000, 0x00000007a1680000, 0x00000007c0000000)
  eden space 503808K, 100% used [0x000000076ab00000,0x0000000789700000,0x0000000789700000)
  from space 125440K, 0% used [0x0000000789700000,0x0000000789700000,0x0000000791180000)
  to   space 161792K, 0% used [0x0000000797880000,0x0000000797880000,0x00000007a1680000)
 ParOldGen       total 534528K, used 534171K [0x00000006c0000000, 0x00000006e0a00000, 0x000000076ab00000)
  object space 534528K, 99% used [0x00000006c0000000,0x00000006e09a6d40,0x00000006e0a00000)
 Metaspace       used 6399K, capacity 7216K, committed 7296K, reserved 1056768K
  class space    used 590K, capacity 616K, committed 640K, reserved 1048576K
Event: 32.409 GC heap after
Heap after GC invocations=23 (full 8):
 PSYoungGen      total 629248K, used 218860K [0x000000076ab00000, 0x00000007a1680000, 0x00000007c0000000)
  eden space 503808K, 43% used [0x000000076ab00000,0x00000007780bb0d8,0x0000000789700000)
  from space 125440K, 0% used [0x0000000789700000,0x0000000789700000,0x0000000791180000)
  to   space 161792K, 0% used [0x0000000797880000,0x0000000797880000,0x00000007a1680000)
 ParOldGen       total 534528K, used 534158K [0x00000006c0000000, 0x00000006e0a00000, 0x000000076ab00000)
  object space 534528K, 99% used [0x00000006c0000000,0x00000006e09a3b10,0x00000006e0a00000)
 Metaspace       used 6399K, capacity 7216K, committed 7296K, reserved 1056768K
  class space    used 590K, capacity 616K, committed 640K, reserved 1048576K
}
Event: 32.930 GC heap before
{Heap before GC invocations=24 (full 9):
 PSYoungGen      total 629248K, used 503808K [0x000000076ab00000, 0x00000007a1680000, 0x00000007c0000000)
  eden space 503808K, 100% used [0x000000076ab00000,0x0000000789700000,0x0000000789700000)
  from space 125440K, 0% used [0x0000000789700000,0x0000000789700000,0x0000000791180000)
  to   space 161792K, 0% used [0x0000000797880000,0x0000000797880000,0x00000007a1680000)
 ParOldGen       total 534528K, used 534158K [0x00000006c0000000, 0x00000006e0a00000, 0x000000076ab00000)
  object space 534528K, 99% used [0x00000006c0000000,0x00000006e09a3b10,0x00000006e0a00000)
 Metaspace       used 6400K, capacity 7216K, committed 7296K, reserved 1056768K
  class space    used 590K, capacity 616K, committed 640K, reserved 1048576K
Event: 36.292 GC heap after
Heap after GC invocations=24 (full 9):
 PSYoungGen      total 629248K, used 264639K [0x000000076ab00000, 0x00000007a1680000, 0x00000007c0000000)
  eden space 503808K, 52% used [0x000000076ab00000,0x000000077ad6fef0,0x0000000789700000)
  from space 125440K, 0% used [0x0000000789700000,0x0000000789700000,0x0000000791180000)
  to   space 161792K, 0% used [0x0000000797880000,0x0000000797880000,0x00000007a1680000)
 ParOldGen       total 534528K, used 534153K [0x00000006c0000000, 0x00000006e0a00000, 0x000000076ab00000)
  object space 534528K, 99% used [0x00000006c0000000,0x00000006e09a2770,0x00000006e0a00000)
 Metaspace       used 6400K, capacity 7216K, committed 7296K, reserved 1056768K
  class space    used 590K, capacity 616K, committed 640K, reserved 1048576K
}

