# JRE version: OpenJDK Runtime Environment (8.0_152-b01) (build 1.8.0_152-release-1343-b01)
# Java VM: OpenJDK 64-Bit Server VM (25.152-b01 mixed mode windows-amd64 compressed oops)
Heap:
 PSYoungGen      total 634368K, used 355150K [0x000000076ab00000, 0x00000007a1f00000, 0x00000007c0000000)
  eden space 510976K, 69% used [0x000000076ab00000,0x00000007805d3b48,0x0000000789e00000)
  from space 123392K, 0% used [0x0000000789e00000,0x0000000789e00000,0x0000000791680000)
  to   space 159744K, 0% used [0x0000000798300000,0x0000000798300000,0x00000007a1f00000)
 ParOldGen       total 542720K, used 542690K [0x00000006c0000000, 0x00000006e1200000, 0x000000076ab00000)
  object space 542720K, 99% used [0x00000006c0000000,0x00000006e11f88a8,0x00000006e1200000)
 Metaspace       used 6402K, capacity 7216K, committed 7296K, reserved 1056768K
  class space    used 590K, capacity 616K, committed 640K, reserved 1048576K
GC Heap History (10 events):
Event: 12.868 GC heap before
{Heap before GC invocations=17 (full 3):
 PSYoungGen      total 634368K, used 634346K [0x000000076ab00000, 0x00000007a1f00000, 0x00000007c0000000)
  eden space 510976K, 100% used [0x000000076ab00000,0x0000000789e00000,0x0000000789e00000)
  from space 123392K, 99% used [0x0000000789e00000,0x000000079167a850,0x0000000791680000)
  to   space 159744K, 0% used [0x0000000798300000,0x0000000798300000,0x00000007a1f00000)
 ParOldGen       total 510976K, used 356421K [0x00000006c0000000, 0x00000006df300000, 0x000000076ab00000)
  object space 510976K, 69% used [0x00000006c0000000,0x00000006d5c11740,0x00000006df300000)
 Metaspace       used 6402K, capacity 7216K, committed 7296K, reserved 1056768K
  class space    used 590K, capacity 616K, committed 640K, reserved 1048576K
Event: 13.014 GC heap after
Heap after GC invocations=17 (full 3):
 PSYoungGen      total 670720K, used 144958K [0x000000076ab00000, 0x00000007a1f00000, 0x00000007c0000000)
  eden space 510976K, 0% used [0x000000076ab00000,0x000000076ab00000,0x0000000789e00000)
  from space 159744K, 90% used [0x0000000798300000,0x00000007a108f840,0x00000007a1f00000)
  to   space 123392K, 0% used [0x0000000789e00000,0x0000000789e00000,0x0000000791680000)
 ParOldGen       total 510976K, used 421193K [0x00000006c0000000, 0x00000006df300000, 0x000000076ab00000)
  object space 510976K, 82% used [0x00000006c0000000,0x00000006d9b526e8,0x00000006df300000)
 Metaspace       used 6402K, capacity 7216K, committed 7296K, reserved 1056768K
  class space    used 590K, capacity 616K, committed 640K, reserved 1048576K
}
Event: 14.175 GC heap before
{Heap before GC invocations=18 (full 3):
 PSYoungGen      total 670720K, used 655934K [0x000000076ab00000, 0x00000007a1f00000, 0x00000007c0000000)
  eden space 510976K, 100% used [0x000000076ab00000,0x0000000789e00000,0x0000000789e00000)
  from space 159744K, 90% used [0x0000000798300000,0x00000007a108f840,0x00000007a1f00000)
  to   space 123392K, 0% used [0x0000000789e00000,0x0000000789e00000,0x0000000791680000)
 ParOldGen       total 510976K, used 421193K [0x00000006c0000000, 0x00000006df300000, 0x000000076ab00000)
  object space 510976K, 82% used [0x00000006c0000000,0x00000006d9b526e8,0x00000006df300000)
 Metaspace       used 6402K, capacity 7216K, committed 7296K, reserved 1056768K
  class space    used 590K, capacity 616K, committed 640K, reserved 1048576K
Event: 14.322 GC heap after
Heap after GC invocations=18 (full 3):
 PSYoungGen      total 634368K, used 123382K [0x000000076ab00000, 0x00000007a1f00000, 0x00000007c0000000)
  eden space 510976K, 0% used [0x000000076ab00000,0x000000076ab00000,0x0000000789e00000)
  from space 123392K, 99% used [0x0000000789e00000,0x000000079167d988,0x0000000791680000)
  to   space 159744K, 0% used [0x0000000798300000,0x0000000798300000,0x00000007a1f00000)
 ParOldGen       total 542720K, used 541344K [0x00000006c0000000, 0x00000006e1200000, 0x000000076ab00000)
  object space 542720K, 99% used [0x00000006c0000000,0x00000006e10a82b8,0x00000006e1200000)
 Metaspace       used 6402K, capacity 7216K, committed 7296K, reserved 1056768K
  class space    used 590K, capacity 616K, committed 640K, reserved 1048576K
}
Event: 14.322 GC heap before
{Heap before GC invocations=19 (full 4):
 PSYoungGen      total 634368K, used 123382K [0x000000076ab00000, 0x00000007a1f00000, 0x00000007c0000000)
  eden space 510976K, 0% used [0x000000076ab00000,0x000000076ab00000,0x0000000789e00000)
  from space 123392K, 99% used [0x0000000789e00000,0x000000079167d988,0x0000000791680000)
  to   space 159744K, 0% used [0x0000000798300000,0x0000000798300000,0x00000007a1f00000)
 ParOldGen       total 542720K, used 541344K [0x00000006c0000000, 0x00000006e1200000, 0x000000076ab00000)
  object space 542720K, 99% used [0x00000006c0000000,0x00000006e10a82b8,0x00000006e1200000)
 Metaspace       used 6402K, capacity 7216K, committed 7296K, reserved 1056768K
  class space    used 590K, capacity 616K, committed 640K, reserved 1048576K
Event: 16.284 GC heap after
Heap after GC invocations=19 (full 4):
 PSYoungGen      total 634368K, used 113746K [0x000000076ab00000, 0x00000007a1f00000, 0x00000007c0000000)
  eden space 510976K, 0% used [0x000000076ab00000,0x000000076ab00000,0x0000000789e00000)
  from space 123392K, 92% used [0x0000000789e00000,0x0000000790d149a8,0x0000000791680000)
  to   space 159744K, 0% used [0x0000000798300000,0x0000000798300000,0x00000007a1f00000)
 ParOldGen       total 542720K, used 542470K [0x00000006c0000000, 0x00000006e1200000, 0x000000076ab00000)
  object space 542720K, 99% used [0x00000006c0000000,0x00000006e11c1ae8,0x00000006e1200000)
 Metaspace       used 6402K, capacity 7216K, committed 7296K, reserved 1056768K
  class space    used 590K, capacity 616K, committed 640K, reserved 1048576K
}
Event: 17.706 GC heap before
{Heap before GC invocations=20 (full 5):
 PSYoungGen      total 634368K, used 624722K [0x000000076ab00000, 0x00000007a1f00000, 0x00000007c0000000)
  eden space 510976K, 100% used [0x000000076ab00000,0x0000000789e00000,0x0000000789e00000)
  from space 123392K, 92% used [0x0000000789e00000,0x0000000790d149a8,0x0000000791680000)
  to   space 159744K, 0% used [0x0000000798300000,0x0000000798300000,0x00000007a1f00000)
 ParOldGen       total 542720K, used 542470K [0x00000006c0000000, 0x00000006e1200000, 0x000000076ab00000)
  object space 542720K, 99% used [0x00000006c0000000,0x00000006e11c1ae8,0x00000006e1200000)
 Metaspace       used 6402K, capacity 7216K, committed 7296K, reserved 1056768K
  class space    used 590K, capacity 616K, committed 640K, reserved 1048576K
Event: 19.511 GC heap after
Heap after GC invocations=20 (full 5):
 PSYoungGen      total 634368K, used 112722K [0x000000076ab00000, 0x00000007a1f00000, 0x00000007c0000000)
  eden space 510976K, 0% used [0x000000076ab00000,0x000000076ab00000,0x0000000789e00000)
  from space 123392K, 91% used [0x0000000789e00000,0x0000000790c14970,0x0000000791680000)
  to   space 159744K, 0% used [0x0000000798300000,0x0000000798300000,0x00000007a1f00000)
 ParOldGen       total 542720K, used 542356K [0x00000006c0000000, 0x00000006e1200000, 0x000000076ab00000)
  object space 542720K, 99% used [0x00000006c0000000,0x00000006e11a53b8,0x00000006e1200000)
 Metaspace       used 6402K, capacity 7216K, committed 7296K, reserved 1056768K
  class space    used 590K, capacity 616K, committed 640K, reserved 1048576K
}
Event: 20.923 GC heap before
{Heap before GC invocations=21 (full 6):
 PSYoungGen      total 634368K, used 623698K [0x000000076ab00000, 0x00000007a1f00000, 0x00000007c0000000)
  eden space 510976K, 100% used [0x000000076ab00000,0x0000000789e00000,0x0000000789e00000)
  from space 123392K, 91% used [0x0000000789e00000,0x0000000790c14970,0x0000000791680000)
  to   space 159744K, 0% used [0x0000000798300000,0x0000000798300000,0x00000007a1f00000)
 ParOldGen       total 542720K, used 542356K [0x00000006c0000000, 0x00000006e1200000, 0x000000076ab00000)
  object space 542720K, 99% used [0x00000006c0000000,0x00000006e11a53b8,0x00000006e1200000)
 Metaspace       used 6402K, capacity 7216K, committed 7296K, reserved 1056768K
  class space    used 590K, capacity 616K, committed 640K, reserved 1048576K
Event: 22.695 GC heap after
Heap after GC invocations=21 (full 6):
 PSYoungGen      total 634368K, used 171274K [0x000000076ab00000, 0x00000007a1f00000, 0x00000007c0000000)
  eden space 510976K, 33% used [0x000000076ab00000,0x0000000775242908,0x0000000789e00000)
  from space 123392K, 0% used [0x0000000789e00000,0x0000000789e00000,0x0000000791680000)
  to   space 159744K, 0% used [0x0000000798300000,0x0000000798300000,0x00000007a1f00000)
 ParOldGen       total 542720K, used 542690K [0x00000006c0000000, 0x00000006e1200000, 0x000000076ab00000)
  object space 542720K, 99% used [0x00000006c0000000,0x00000006e11f88a8,0x00000006e1200000)
 Metaspace       used 6402K, capacity 7216K, committed 7296K, reserved 1056768K
  class space    used 590K, capacity 616K, committed 640K, reserved 1048576K
}

