# JRE version: OpenJDK Runtime Environment (8.0_152-b01) (build 1.8.0_152-release-1343-b01)
# Java VM: OpenJDK 64-Bit Server VM (25.152-b01 mixed mode windows-amd64 compressed oops)
Heap:
 PSYoungGen      total 671744K, used 649536K [0x000000076ab00000, 0x00000007a2280000, 0x00000007c0000000)
  eden space 510464K, 100% used [0x000000076ab00000,0x0000000789d80000,0x0000000789d80000)
  from space 161280K, 86% used [0x0000000798500000,0x00000007a0cd0388,0x00000007a2280000)
  to   space 124416K, 99% used [0x0000000789d80000,0x00000007916fed58,0x0000000791700000)
 ParOldGen       total 528384K, used 528376K [0x00000006c0000000, 0x00000006e0480000, 0x000000076ab00000)
  object space 528384K, 99% used [0x00000006c0000000,0x00000006e03fe3d0,0x00000006e0400000)
 Metaspace       used 6396K, capacity 7216K, committed 7296K, reserved 1056768K
  class space    used 590K, capacity 616K, committed 640K, reserved 1048576K
GC Heap History (10 events):
Event: 8.864 GC heap after
Heap after GC invocations=13 (full 2):
 PSYoungGen      total 558080K, used 71158K [0x000000076ab00000, 0x0000000798e00000, 0x00000007c0000000)
  eden space 448512K, 0% used [0x000000076ab00000,0x000000076ab00000,0x0000000786100000)
  from space 109568K, 64% used [0x0000000786100000,0x000000078a67da40,0x000000078cc00000)
  to   space 113152K, 0% used [0x0000000791f80000,0x0000000791f80000,0x0000000798e00000)
 ParOldGen       total 309760K, used 264927K [0x00000006c0000000, 0x00000006d2e80000, 0x000000076ab00000)
  object space 309760K, 85% used [0x00000006c0000000,0x00000006d02b7f00,0x00000006d2e80000)
 Metaspace       used 6382K, capacity 7216K, committed 7296K, reserved 1056768K
  class space    used 589K, capacity 616K, committed 640K, reserved 1048576K
}
Event: 8.864 GC heap before
{Heap before GC invocations=14 (full 3):
 PSYoungGen      total 558080K, used 71158K [0x000000076ab00000, 0x0000000798e00000, 0x00000007c0000000)
  eden space 448512K, 0% used [0x000000076ab00000,0x000000076ab00000,0x0000000786100000)
  from space 109568K, 64% used [0x0000000786100000,0x000000078a67da40,0x000000078cc00000)
  to   space 113152K, 0% used [0x0000000791f80000,0x0000000791f80000,0x0000000798e00000)
 ParOldGen       total 309760K, used 264927K [0x00000006c0000000, 0x00000006d2e80000, 0x000000076ab00000)
  object space 309760K, 85% used [0x00000006c0000000,0x00000006d02b7f00,0x00000006d2e80000)
 Metaspace       used 6382K, capacity 7216K, committed 7296K, reserved 1056768K
  class space    used 589K, capacity 616K, committed 640K, reserved 1048576K
Event: 9.945 GC heap after
Heap after GC invocations=14 (full 3):
 PSYoungGen      total 558080K, used 21201K [0x000000076ab00000, 0x0000000798e00000, 0x00000007c0000000)
  eden space 448512K, 0% used [0x000000076ab00000,0x000000076ab00000,0x0000000786100000)
  from space 109568K, 19% used [0x0000000786100000,0x00000007875b46f0,0x000000078cc00000)
  to   space 113152K, 0% used [0x0000000791f80000,0x0000000791f80000,0x0000000798e00000)
 ParOldGen       total 507392K, used 309341K [0x00000006c0000000, 0x00000006def80000, 0x000000076ab00000)
  object space 507392K, 60% used [0x00000006c0000000,0x00000006d2e17510,0x00000006def80000)
 Metaspace       used 6382K, capacity 7216K, committed 7296K, reserved 1056768K
  class space    used 589K, capacity 616K, committed 640K, reserved 1048576K
}
Event: 10.779 GC heap before
{Heap before GC invocations=15 (full 3):
 PSYoungGen      total 558080K, used 469713K [0x000000076ab00000, 0x0000000798e00000, 0x00000007c0000000)
  eden space 448512K, 100% used [0x000000076ab00000,0x0000000786100000,0x0000000786100000)
  from space 109568K, 19% used [0x0000000786100000,0x00000007875b46f0,0x000000078cc00000)
  to   space 113152K, 0% used [0x0000000791f80000,0x0000000791f80000,0x0000000798e00000)
 ParOldGen       total 507392K, used 309341K [0x00000006c0000000, 0x00000006def80000, 0x000000076ab00000)
  object space 507392K, 60% used [0x00000006c0000000,0x00000006d2e17510,0x00000006def80000)
 Metaspace       used 6384K, capacity 7216K, committed 7296K, reserved 1056768K
  class space    used 589K, capacity 616K, committed 640K, reserved 1048576K
Event: 10.906 GC heap after
Heap after GC invocations=15 (full 3):
 PSYoungGen      total 623616K, used 93299K [0x000000076ab00000, 0x0000000799080000, 0x00000007c0000000)
  eden space 510464K, 0% used [0x000000076ab00000,0x000000076ab00000,0x0000000789d80000)
  from space 113152K, 82% used [0x0000000791f80000,0x0000000797a9cc80,0x0000000798e00000)
  to   space 124416K, 0% used [0x0000000789d80000,0x0000000789d80000,0x0000000791700000)
 ParOldGen       total 507392K, used 309341K [0x00000006c0000000, 0x00000006def80000, 0x000000076ab00000)
  object space 507392K, 60% used [0x00000006c0000000,0x00000006d2e17510,0x00000006def80000)
 Metaspace       used 6384K, capacity 7216K, committed 7296K, reserved 1056768K
  class space    used 589K, capacity 616K, committed 640K, reserved 1048576K
}
Event: 11.944 GC heap before
{Heap before GC invocations=16 (full 3):
 PSYoungGen      total 623616K, used 603763K [0x000000076ab00000, 0x0000000799080000, 0x00000007c0000000)
  eden space 510464K, 100% used [0x000000076ab00000,0x0000000789d80000,0x0000000789d80000)
  from space 113152K, 82% used [0x0000000791f80000,0x0000000797a9cc80,0x0000000798e00000)
  to   space 124416K, 0% used [0x0000000789d80000,0x0000000789d80000,0x0000000791700000)
 ParOldGen       total 507392K, used 309341K [0x00000006c0000000, 0x00000006def80000, 0x000000076ab00000)
  object space 507392K, 60% used [0x00000006c0000000,0x00000006d2e17510,0x00000006def80000)
 Metaspace       used 6396K, capacity 7216K, committed 7296K, reserved 1056768K
  class space    used 590K, capacity 616K, committed 640K, reserved 1048576K
Event: 12.048 GC heap after
Heap after GC invocations=16 (full 3):
 PSYoungGen      total 634880K, used 124394K [0x000000076ab00000, 0x00000007a2280000, 0x00000007c0000000)
  eden space 510464K, 0% used [0x000000076ab00000,0x000000076ab00000,0x0000000789d80000)
  from space 124416K, 99% used [0x0000000789d80000,0x00000007916fa998,0x0000000791700000)
  to   space 161280K, 0% used [0x0000000798500000,0x0000000798500000,0x00000007a2280000)
 ParOldGen       total 507392K, used 354619K [0x00000006c0000000, 0x00000006def80000, 0x000000076ab00000)
  object space 507392K, 69% used [0x00000006c0000000,0x00000006d5a4ef10,0x00000006def80000)
 Metaspace       used 6396K, capacity 7216K, committed 7296K, reserved 1056768K
  class space    used 590K, capacity 616K, committed 640K, reserved 1048576K
}
Event: 12.994 GC heap before
{Heap before GC invocations=17 (full 3):
 PSYoungGen      total 634880K, used 634858K [0x000000076ab00000, 0x00000007a2280000, 0x00000007c0000000)
  eden space 510464K, 100% used [0x000000076ab00000,0x0000000789d80000,0x0000000789d80000)
  from space 124416K, 99% used [0x0000000789d80000,0x00000007916fa998,0x0000000791700000)
  to   space 161280K, 0% used [0x0000000798500000,0x0000000798500000,0x00000007a2280000)
 ParOldGen       total 507392K, used 354619K [0x00000006c0000000, 0x00000006def80000, 0x000000076ab00000)
  object space 507392K, 69% used [0x00000006c0000000,0x00000006d5a4ef10,0x00000006def80000)
 Metaspace       used 6396K, capacity 7216K, committed 7296K, reserved 1056768K
  class space    used 590K, capacity 616K, committed 640K, reserved 1048576K
Event: 13.163 GC heap after
Heap after GC invocations=17 (full 3):
 PSYoungGen      total 671744K, used 139072K [0x000000076ab00000, 0x00000007a2280000, 0x00000007c0000000)
  eden space 510464K, 0% used [0x000000076ab00000,0x000000076ab00000,0x0000000789d80000)
  from space 161280K, 86% used [0x0000000798500000,0x00000007a0cd0388,0x00000007a2280000)
  to   space 124416K, 0% used [0x0000000789d80000,0x0000000789d80000,0x0000000791700000)
 ParOldGen       total 507392K, used 425775K [0x00000006c0000000, 0x00000006def80000, 0x000000076ab00000)
  object space 507392K, 83% used [0x00000006c0000000,0x00000006d9fcbdb8,0x00000006def80000)
 Metaspace       used 6396K, capacity 7216K, committed 7296K, reserved 1056768K
  class space    used 590K, capacity 616K, committed 640K, reserved 1048576K
}
Event: 14.354 GC heap before
{Heap before GC invocations=18 (full 3):
 PSYoungGen      total 671744K, used 649536K [0x000000076ab00000, 0x00000007a2280000, 0x00000007c0000000)
  eden space 510464K, 100% used [0x000000076ab00000,0x0000000789d80000,0x0000000789d80000)
  from space 161280K, 86% used [0x0000000798500000,0x00000007a0cd0388,0x00000007a2280000)
  to   space 124416K, 0% used [0x0000000789d80000,0x0000000789d80000,0x0000000791700000)
 ParOldGen       total 507392K, used 425775K [0x00000006c0000000, 0x00000006def80000, 0x000000076ab00000)
  object space 507392K, 83% used [0x00000006c0000000,0x00000006d9fcbdb8,0x00000006def80000)
 Metaspace       used 6396K, capacity 7216K, committed 7296K, reserved 1056768K
  class space    used 590K, capacity 616K, committed 640K, reserved 1048576K

